<?xml version="1.0" encoding="UTF-8"?>
<testng-results skipped="0" failed="0" ignored="0" total="1" passed="1">
  <reporter-output>
  </reporter-output>
  <suite name="Default suite" duration-ms="324930" started-at="2018-02-06T10:47:57Z" finished-at="2018-02-06T10:53:22Z">
    <groups>
    </groups>
    <test name="Default test" duration-ms="324930" started-at="2018-02-06T10:47:57Z" finished-at="2018-02-06T10:53:22Z">
      <class name="com.acams.ddf.testcases.PA309_Test">
        <test-method status="PASS" signature="beforeTest()[pri:0, instance:com.acams.ddf.testcases.PA309_Test@1a1da881]" name="beforeTest" is-config="true" duration-ms="371" started-at="2018-02-06T05:47:57Z" finished-at="2018-02-06T05:47:58Z">
          <reporter-output>
          </reporter-output>
        </test-method> <!-- beforeTest -->
        <test-method status="PASS" signature="init()[pri:0, instance:com.acams.ddf.testcases.PA309_Test@1a1da881]" name="init" is-config="true" duration-ms="0" started-at="2018-02-06T05:47:58Z" finished-at="2018-02-06T05:47:58Z">
          <reporter-output>
          </reporter-output>
        </test-method> <!-- init -->
        <test-method status="PASS" signature="PA309_Test(java.util.Hashtable)[pri:1, instance:com.acams.ddf.testcases.PA309_Test@1a1da881]" name="PA309_Test" duration-ms="323704" started-at="2018-02-06T05:47:58Z" data-provider="getData" finished-at="2018-02-06T05:53:22Z">
          <params>
            <param index="0">
              <value>
                <![CDATA[{ClientName=Gonzalvis, Janis, Case=20180204000014, Insurance Name=, Runmode=Y, ProviderName=180 MEDICAL INC, Mpi=201801002639, FinalComments=PA309 created, Browser=ie}]]>
              </value>
            </param>
          </params>
          <reporter-output>
          </reporter-output>
        </test-method> <!-- PA309_Test -->
        <test-method status="PASS" signature="quit()[pri:0, instance:com.acams.ddf.testcases.PA309_Test@1a1da881]" name="quit" is-config="true" duration-ms="544" started-at="2018-02-06T05:53:22Z" finished-at="2018-02-06T05:53:22Z">
          <reporter-output>
          </reporter-output>
        </test-method> <!-- quit -->
        <test-method status="FAIL" signature="runApplication(java.lang.String)[pri:0, instance:com.acams.ddf.testcases.PA309_Test@1a1da881]" name="runApplication" is-config="true" duration-ms="0" started-at="2018-02-06T05:53:22Z" finished-at="2018-02-06T05:53:22Z">
          <exception class="org.testng.TestNGException">
            <message>
              <![CDATA[
Can inject only one of <ITestContext, XmlTest> into a AfterSuite annotated runApplication.
For more information on native dependency injection please refer to http://testng.org/doc/documentation-main.html#native-dependency-injection]]>
            </message>
            <full-stacktrace>
              <![CDATA[org.testng.TestNGException: 
Can inject only one of <ITestContext, XmlTest> into a AfterSuite annotated runApplication.
For more information on native dependency injection please refer to http://testng.org/doc/documentation-main.html#native-dependency-injection
	at org.testng.internal.Parameters.checkParameterTypes(Parameters.java:244)
	at org.testng.internal.Parameters.createParameters(Parameters.java:172)
	at org.testng.internal.Parameters.createParameters(Parameters.java:458)
	at org.testng.internal.Parameters.createConfigurationParameters(Parameters.java:118)
	at org.testng.internal.Invoker.invokeConfigurations(Invoker.java:203)
	at org.testng.internal.Invoker.invokeConfigurations(Invoker.java:144)
	at org.testng.SuiteRunner.privateRun(SuiteRunner.java:357)
	at org.testng.SuiteRunner.run(SuiteRunner.java:289)
	at org.testng.SuiteRunnerWorker.runSuite(SuiteRunnerWorker.java:52)
	at org.testng.SuiteRunnerWorker.run(SuiteRunnerWorker.java:86)
	at org.testng.TestNG.runSuitesSequentially(TestNG.java:1293)
	at org.testng.TestNG.runSuitesLocally(TestNG.java:1218)
	at org.testng.TestNG.runSuites(TestNG.java:1133)
	at org.testng.TestNG.run(TestNG.java:1104)
	at org.testng.remote.AbstractRemoteTestNG.run(AbstractRemoteTestNG.java:114)
	at org.testng.remote.RemoteTestNG.initAndRun(RemoteTestNG.java:251)
	at org.testng.remote.RemoteTestNG.main(RemoteTestNG.java:77)
]]>
            </full-stacktrace>
          </exception> <!-- org.testng.TestNGException -->
          <reporter-output>
          </reporter-output>
        </test-method> <!-- runApplication -->
      </class> <!-- com.acams.ddf.testcases.PA309_Test -->
    </test> <!-- Default test -->
  </suite> <!-- Default suite -->
</testng-results>
