<?xml version="1.0" encoding="UTF-8"?>
<!-- Generated by org.testng.reporters.JUnitXMLReporter -->
<testsuite hostname="AcroLap15" ignored="0" name="Default test" tests="3" failures="0" timestamp="28 Feb 2018 08:33:34 GMT" time="75.216" errors="0">
  <testcase name="doLogin" time="11.89" classname="com.acams.ddf.testcases.Acro_Xrm"/>
  <testcase name="goToTimeAndExpenceScreen" time="21.226" classname="com.acams.ddf.testcases.Acro_Xrm"/>
  <testcase name="standardTimeBillPage" time="40.432" classname="com.acams.ddf.testcases.Acro_Xrm"/>
</testsuite> <!-- Default test -->
