<?xml version="1.0" encoding="UTF-8"?>
<!-- Generated by org.testng.reporters.JUnitXMLReporter -->
<testsuite hostname="AcroLap15" ignored="0" name="Cms_Eligibility_Test" tests="3" failures="1" timestamp="19 Jan 2018 14:25:53 GMT" time="1.642" errors="0">
  <testcase name="Cms_Eligibility_Test" time="0.094" classname="com.acams.ddf.testcases.Cms_Eligibility_Test">
    <skipped/>
  </testcase> <!-- Cms_Eligibility_Test -->
  <testcase name="Cms_Eligibility_Test" time="0.001" classname="com.acams.ddf.testcases.Cms_Eligibility_Test">
    <skipped/>
  </testcase> <!-- Cms_Eligibility_Test -->
  <testcase name="Cms_Eligibility_Test" time="0.0" classname="com.acams.ddf.testcases.Cms_Eligibility_Test">
    <failure type="java.lang.NullPointerException">
      <![CDATA[java.lang.NullPointerException
	at com.acams.ddf.base.BaseTest.takeScreenShot(BaseTest.java:831)
	at com.acams.ddf.base.BaseTest.reportFailure(BaseTest.java:810)
	at com.acams.ddf.testcases.Cms_Eligibility_Test.Cms_Eligibility_Test(Cms_Eligibility_Test.java:104)
... Removed 25 stack frames]]>
    </failure>
  </testcase> <!-- Cms_Eligibility_Test -->
</testsuite> <!-- Cms_Eligibility_Test -->
