<?xml version="1.0" encoding="UTF-8"?>
<!-- Generated by org.testng.reporters.JUnitXMLReporter -->
<testsuite hostname="AcroLap15" ignored="0" name="DemographicsTest" tests="3" failures="1" timestamp="14 Dec 2017 14:52:38 GMT" time="706.587" errors="0">
  <testcase name="DemographicsPageTest" time="362.661" classname="com.acams.ddf.testcases.DemographicsPageTest">
    <skipped/>
  </testcase> <!-- DemographicsPageTest -->
  <testcase name="DemographicsPageTest" time="263.019" classname="com.acams.ddf.testcases.DemographicsPageTest">
    <skipped/>
  </testcase> <!-- DemographicsPageTest -->
  <testcase name="DemographicsPageTest" time="65.265" classname="com.acams.ddf.testcases.DemographicsPageTest">
    <failure type="java.lang.AssertionError" message="Unable to find element with css selector == #txtLoginID
For documentation on this error, please visit: http://seleniumhq.org/exceptions/no_such_element.html
Build info: version: &amp;apos;3.5.3&amp;apos;, revision: &amp;apos;a88d25fe6b&amp;apos;, time: &amp;apos;2017-08-29T12:42:44.417Z&amp;apos;
System info: host: &amp;apos;ACROLAP15&amp;apos;, ip: &amp;apos;10.0.6.253&amp;apos;, os.name: &amp;apos;Windows 10&amp;apos;, os.arch: &amp;apos;amd64&amp;apos;, os.version: &amp;apos;10.0&amp;apos;, java.version: &amp;apos;1.8.0_102&amp;apos;
Driver info: org.openqa.selenium.ie.InternetExplorerDriver
Capabilities [{proxy=Proxy(), acceptInsecureCerts=false, browserVersion=11, se:ieOptions={nativeEvents=true, browserAttachTimeout=0, ie.ensureCleanSession=false, elementScrollBehavior=0, enablePersistentHover=true, ie.browserCommandLineSwitches=, ie.forceCreateProcessApi=false, requireWindowFocus=false, initialBrowserUrl=http://localhost:19385/, ignoreZoomSetting=false, ie.fileUploadDialogTimeout=3000, ignoreProtectedModeSettings=false}, timeouts={implicit=0, pageLoad=300000, script=30000}, browserName=internet explorer, pageLoadStrategy=normal, javascriptEnabled=true, platformName=XP, setWindowRect=true, platform=XP}]
Session ID: 62787fb2-3856-4603-a164-1eea480d5679
*** Element info: {Using=id, value=txtLoginID}">
      <![CDATA[java.lang.AssertionError: Unable to find element with css selector == #txtLoginID
For documentation on this error, please visit: http://seleniumhq.org/exceptions/no_such_element.html
Build info: version: '3.5.3', revision: 'a88d25fe6b', time: '2017-08-29T12:42:44.417Z'
System info: host: 'ACROLAP15', ip: '10.0.6.253', os.name: 'Windows 10', os.arch: 'amd64', os.version: '10.0', java.version: '1.8.0_102'
Driver info: org.openqa.selenium.ie.InternetExplorerDriver
Capabilities [{proxy=Proxy(), acceptInsecureCerts=false, browserVersion=11, se:ieOptions={nativeEvents=true, browserAttachTimeout=0, ie.ensureCleanSession=false, elementScrollBehavior=0, enablePersistentHover=true, ie.browserCommandLineSwitches=, ie.forceCreateProcessApi=false, requireWindowFocus=false, initialBrowserUrl=http://localhost:19385/, ignoreZoomSetting=false, ie.fileUploadDialogTimeout=3000, ignoreProtectedModeSettings=false}, timeouts={implicit=0, pageLoad=300000, script=30000}, browserName=internet explorer, pageLoadStrategy=normal, javascriptEnabled=true, platformName=XP, setWindowRect=true, platform=XP}]
Session ID: 62787fb2-3856-4603-a164-1eea480d5679
*** Element info: {Using=id, value=txtLoginID}
	at com.acams.ddf.base.BaseTest.reportFailure(BaseTest.java:681)
	at com.acams.ddf.base.BaseTest.getElement(BaseTest.java:268)
	at com.acams.ddf.base.BaseTest.clear(BaseTest.java:198)
	at com.acams.ddf.base.BaseTest.doLogin(BaseTest.java:780)
	at com.acams.ddf.testcases.DemographicsPageTest.DemographicsPageTest(DemographicsPageTest.java:94)
... Removed 26 stack frames]]>
    </failure>
  </testcase> <!-- DemographicsPageTest -->
</testsuite> <!-- DemographicsTest -->
