<?xml version="1.0" encoding="UTF-8"?>
<!-- Generated by org.testng.reporters.JUnitXMLReporter -->
<testsuite hostname="AcroLap15" name="IntakePage" tests="1" failures="1" timestamp="4 Dec 2017 10:07:04 GMT" time="64.819" errors="0">
  <testcase name="IntakePageTest" time="57.689" classname="com.acams.ddf.testcases.IntakePageTest">
    <failure type="java.lang.AssertionError" message="The alert text is not present">
      <![CDATA[java.lang.AssertionError: The alert text is not present
	at com.acams.ddf.base.BaseTest.reportFailure(BaseTest.java:622)
	at com.acams.ddf.base.BaseTest.alertPresentAndGetText(BaseTest.java:935)
	at com.acams.ddf.testcases.IntakePageTest.IntakePageTest(IntakePageTest.java:177)
... Removed 26 stack frames]]>
    </failure>
  </testcase> <!-- IntakePageTest -->
</testsuite> <!-- IntakePage -->
