<?xml version="1.0" encoding="UTF-8"?>
<testsuite name="TestSuite" time="809.937" tests="8" errors="0" skipped="0" failures="4">
  <properties>
[...]
</properties>
  <testcase name="LoginTest" classname="com.acams.ddf.testcases.LoginTest" time="31.268"/>
  <testcase name="IntakePageTest" classname="com.acams.ddf.testcases.SaveAsReferral" time="175.689"/>
  <testcase name="IntakePageTest" classname="com.acams.ddf.testcases.IntakePageTest" time="136.723"/>
  <testcase name="DemographicsPageTest" classname="com.acams.ddf.testcases.DemographicsPageTest" time="95.256"/>
  <testcase name="Cms_Eligibility_Test" classname="com.acams.ddf.testcases.Cms_Eligibility_Test" time="116.446">
    <failure message="Alert is not present" type="java.lang.AssertionError">java.lang.AssertionError: Alert is not present
	at org.testng.Assert.fail(Assert.java:94)
	at com.acams.ddf.base.BaseTest.reportFailure(BaseTest.java:815)
	at com.acams.ddf.base.BaseTest.verifyAlertPresentAndAlertText(BaseTest.java:1067)
	at com.acams.ddf.testcases.Cms_Eligibility_Test.Cms_Eligibility_Test(Cms_Eligibility_Test.java:335)
</failure>
    <system-out><![CDATA[excel is running so no need to closed
Test starts from row - 22
Total rows are  - 1
Total cols are  - 9
Trying to select: A000
1
1
true
]]></system-out>
  </testcase>
  <testcase name="CMS_Card_Test" classname="com.acams.ddf.testcases.CMS_Card_Test" time="162.916">
    <failure message="Unable to find element with xpath == .//*[@id=&apos;lnkEligibility&apos;]&#10;For documentation on this error, please visit: http://seleniumhq.org/exceptions/no_such_element.html&#10;Build info: version: &apos;3.5.3&apos;, revision: &apos;a88d25fe6b&apos;, time: &apos;2017-08-29T12:42:44.417Z&apos;&#10;System info: host: &apos;ACROLAP15&apos;, ip: &apos;10.0.4.83&apos;, os.name: &apos;Windows 10&apos;, os.arch: &apos;amd64&apos;, os.version: &apos;10.0&apos;, java.version: &apos;1.8.0_102&apos;&#10;Driver info: org.openqa.selenium.ie.InternetExplorerDriver&#10;Capabilities [{proxy=Proxy(), acceptInsecureCerts=false, browserVersion=11, se:ieOptions={nativeEvents=true, browserAttachTimeout=0, ie.ensureCleanSession=false, elementScrollBehavior=0, enablePersistentHover=true, ie.browserCommandLineSwitches=, ie.forceCreateProcessApi=false, requireWindowFocus=false, initialBrowserUrl=http://localhost:21944/, ignoreZoomSetting=false, ie.fileUploadDialogTimeout=3000, ignoreProtectedModeSettings=false}, timeouts={implicit=0, pageLoad=300000, script=30000}, browserName=internet explorer, pageLoadStrategy=normal, javascriptEnabled=true, platformName=XP, setWindowRect=true, platform=XP}]&#10;Session ID: 8ba5584b-563a-48f1-814b-8ad3ae781215&#10;*** Element info: {Using=xpath, value=.//*[@id=&apos;lnkEligibility&apos;]}" type="java.lang.AssertionError">java.lang.AssertionError: Unable to find element with xpath == .//*[@id='lnkEligibility']
For documentation on this error, please visit: http://seleniumhq.org/exceptions/no_such_element.html
Build info: version: '3.5.3', revision: 'a88d25fe6b', time: '2017-08-29T12:42:44.417Z'
System info: host: 'ACROLAP15', ip: '10.0.4.83', os.name: 'Windows 10', os.arch: 'amd64', os.version: '10.0', java.version: '1.8.0_102'
Driver info: org.openqa.selenium.ie.InternetExplorerDriver
Capabilities [{proxy=Proxy(), acceptInsecureCerts=false, browserVersion=11, se:ieOptions={nativeEvents=true, browserAttachTimeout=0, ie.ensureCleanSession=false, elementScrollBehavior=0, enablePersistentHover=true, ie.browserCommandLineSwitches=, ie.forceCreateProcessApi=false, requireWindowFocus=false, initialBrowserUrl=http://localhost:21944/, ignoreZoomSetting=false, ie.fileUploadDialogTimeout=3000, ignoreProtectedModeSettings=false}, timeouts={implicit=0, pageLoad=300000, script=30000}, browserName=internet explorer, pageLoadStrategy=normal, javascriptEnabled=true, platformName=XP, setWindowRect=true, platform=XP}]
Session ID: 8ba5584b-563a-48f1-814b-8ad3ae781215
*** Element info: {Using=xpath, value=.//*[@id='lnkEligibility']}
	at org.testng.Assert.fail(Assert.java:94)
	at com.acams.ddf.base.BaseTest.reportFailure(BaseTest.java:815)
	at com.acams.ddf.base.BaseTest.getElement(BaseTest.java:287)
	at com.acams.ddf.base.BaseTest.clickEligibility(BaseTest.java:1528)
	at com.acams.ddf.testcases.CMS_Card_Test.CMS_Card_Test(CMS_Card_Test.java:111)
</failure>
    <system-out><![CDATA[excel is running so i closed
Test starts from row - 28
Total rows are  - 1
Total cols are  - 5
]]></system-out>
  </testcase>
  <testcase name="PA309_Test" classname="com.acams.ddf.testcases.PA309_Test" time="45.788">
    <failure message="PA309 quick link is not enable" type="java.lang.AssertionError">java.lang.AssertionError: PA309 quick link is not enable
	at org.testng.Assert.fail(Assert.java:94)
	at com.acams.ddf.base.BaseTest.reportFailure(BaseTest.java:815)
	at com.acams.ddf.testcases.PA309_Test.PA309_Test(PA309_Test.java:111)
</failure>
    <system-out><![CDATA[excel is running so i closed
Test starts from row - 33
Total rows are  - 1
Total cols are  - 8
]]></system-out>
  </testcase>
  <testcase name="runApplication" classname="com.acams.ddf.testcases.PA309_Test" time="45.851">
    <failure message="&#10;Can inject only one of &lt;ITestContext, XmlTest&gt; into a AfterSuite annotated runApplication.&#10;For more information on native dependency injection please refer to http://testng.org/doc/documentation-main.html#native-dependency-injection" type="org.testng.TestNGException"><![CDATA[org.testng.TestNGException: 
Can inject only one of <ITestContext, XmlTest> into a AfterSuite annotated runApplication.
For more information on native dependency injection please refer to http://testng.org/doc/documentation-main.html#native-dependency-injection
	at org.testng.internal.Parameters.checkParameterTypes(Parameters.java:244)
	at org.testng.internal.Parameters.createParameters(Parameters.java:172)
	at org.testng.internal.Parameters.createParameters(Parameters.java:458)
	at org.testng.internal.Parameters.createConfigurationParameters(Parameters.java:118)
	at org.testng.internal.Invoker.invokeConfigurations(Invoker.java:203)
	at org.testng.internal.Invoker.invokeConfigurations(Invoker.java:144)
	at org.testng.SuiteRunner.privateRun(SuiteRunner.java:357)
	at org.testng.SuiteRunner.run(SuiteRunner.java:289)
	at org.testng.SuiteRunnerWorker.runSuite(SuiteRunnerWorker.java:52)
	at org.testng.SuiteRunnerWorker.run(SuiteRunnerWorker.java:86)
	at org.testng.TestNG.runSuitesSequentially(TestNG.java:1293)
	at org.testng.TestNG.runSuitesSequentially(TestNG.java:1289)
	at org.testng.TestNG.runSuitesLocally(TestNG.java:1218)
	at org.testng.TestNG.runSuites(TestNG.java:1133)
	at org.testng.TestNG.run(TestNG.java:1104)
	at org.apache.maven.surefire.testng.TestNGExecutor.run(TestNGExecutor.java:295)
	at org.apache.maven.surefire.testng.TestNGXmlTestSuite.execute(TestNGXmlTestSuite.java:84)
	at org.apache.maven.surefire.testng.TestNGProvider.invoke(TestNGProvider.java:90)
	at org.apache.maven.surefire.booter.ForkedBooter.invokeProviderInSameClassLoader(ForkedBooter.java:203)
	at org.apache.maven.surefire.booter.ForkedBooter.runSuitesInProcess(ForkedBooter.java:155)
	at org.apache.maven.surefire.booter.ForkedBooter.main(ForkedBooter.java:103)
]]></failure>
  </testcase>
</testsuite>