<?xml version="1.0" encoding="UTF-8"?>
<testsuite name="TestSuite" time="626.051" tests="6" errors="0" skipped="0" failures="1">
  <properties>
[...]
</properties>
  <testcase name="LoginTest" classname="com.acams.ddf.testcases.LoginTest" time="10.563"/>
  <testcase name="IntakePageTest" classname="com.acams.ddf.testcases.SaveAsReferral" time="140.245"/>
  <testcase name="IntakePageTest" classname="com.acams.ddf.testcases.IntakePageTest" time="124.923"/>
  <testcase name="DemographicsPageTest" classname="com.acams.ddf.testcases.DemographicsPageTest" time="101.059"/>
  <testcase name="Cms_Eligibility_Test" classname="com.acams.ddf.testcases.Cms_Eligibility_Test" time="166.032"/>
  <testcase name="CMS_Card_Test" classname="com.acams.ddf.testcases.CMS_Card_Test" time="83.229">
    <failure message="org/apache/pdfbox/pdfparser/PDFParser" type="java.lang.NoClassDefFoundError">java.lang.NoClassDefFoundError: org/apache/pdfbox/pdfparser/PDFParser
	at java.net.URLClassLoader.findClass(URLClassLoader.java:381)
	at java.lang.ClassLoader.loadClass(ClassLoader.java:424)
	at sun.misc.Launcher$AppClassLoader.loadClass(Launcher.java:331)
	at java.lang.ClassLoader.loadClass(ClassLoader.java:357)
	at com.acams.ddf.testcases.CMS_Card_Test.CMS_Card_Test(CMS_Card_Test.java:487)
</failure>
    <system-out><![CDATA[excel is running so i closed
Test starts from row - 28
Total rows are  - 1
Total cols are  - 5
today's date in string format is  : - 01/22/2018
 The CMS card date is : - 2018-06-30
FY: - 2018

07/01/2017
06/30/2018
]]></system-out>
  </testcase>
</testsuite>