<?xml version="1.0" encoding="UTF-8"?>
<!-- Generated by org.testng.reporters.JUnitXMLReporter -->
<testsuite hostname="AcroLap15" name="LoginTest" tests="3" failures="0" timestamp="1 Nov 2017 12:30:26 GMT" time="5.043" errors="0">
  <testcase name="@AfterMethod quit" time="0.0" classname="com.acams.ddf.testcases.LoginTest">
    <failure type="java.lang.NullPointerException">
      <![CDATA[java.lang.NullPointerException
	at com.acams.ddf.testcases.LoginTest.quit(LoginTest.java:97)
... Removed 26 stack frames]]>
    </failure>
  </testcase> <!-- @AfterMethod quit -->
  <testcase name="@BeforeMethod init" time="0.0" classname="com.acams.ddf.testcases.LoginTest">
    <skipped/>
  </testcase> <!-- @BeforeMethod init -->
  <testcase name="@AfterMethod quit" time="0.0" classname="com.acams.ddf.testcases.LoginTest">
    <skipped/>
  </testcase> <!-- @AfterMethod quit -->
  <testcase name="@BeforeMethod init" time="0.0" classname="com.acams.ddf.testcases.LoginTest">
    <skipped/>
  </testcase> <!-- @BeforeMethod init -->
  <testcase name="@AfterMethod quit" time="0.0" classname="com.acams.ddf.testcases.LoginTest">
    <skipped/>
  </testcase> <!-- @AfterMethod quit -->
  <testcase name="LoginTest" time="0.016" classname="com.acams.ddf.testcases.LoginTest">
    <skipped/>
  </testcase> <!-- LoginTest -->
  <testcase name="LoginTest" time="0.0" classname="com.acams.ddf.testcases.LoginTest">
    <skipped/>
  </testcase> <!-- LoginTest -->
  <testcase name="LoginTest" time="0.0" classname="com.acams.ddf.testcases.LoginTest">
    <skipped/>
  </testcase> <!-- LoginTest -->
</testsuite> <!-- LoginTest -->
