<?xml version="1.0" encoding="UTF-8"?>
<!-- Generated by org.testng.reporters.JUnitXMLReporter -->
<testsuite hostname="AcroLap15" ignored="0" name="DemographicsTest" tests="1" failures="1" timestamp="05 Jan 2018 14:50:33 GMT" time="0.453" errors="0">
  <testcase name="DemographicsPageTest" time="0.0" classname="com.acams.ddf.testcases.DemographicsPageTest">
    <failure type="java.lang.NullPointerException">
      <![CDATA[java.lang.NullPointerException
	at com.acams.ddf.base.BaseTest.takeScreenShot(BaseTest.java:744)
	at com.acams.ddf.base.BaseTest.reportFailure(BaseTest.java:723)
	at com.acams.ddf.testcases.DemographicsPageTest.DemographicsPageTest(DemographicsPageTest.java:122)
... Removed 29 stack frames]]>
    </failure>
  </testcase> <!-- DemographicsPageTest -->
</testsuite> <!-- DemographicsTest -->
