<?xml version="1.0" encoding="UTF-8"?>
<!-- Generated by org.testng.reporters.JUnitXMLReporter -->
<testsuite hostname="AcroLap15" ignored="0" name="SaveAsReferralTest" tests="1" failures="1" timestamp="05 Jan 2018 14:50:32 GMT" time="0.546" errors="0">
  <testcase name="IntakePageTest" time="0.015" classname="com.acams.ddf.testcases.SaveAsReferral">
    <failure type="java.lang.NullPointerException">
      <![CDATA[java.lang.NullPointerException
	at com.acams.ddf.base.BaseTest.takeScreenShot(BaseTest.java:744)
	at com.acams.ddf.base.BaseTest.reportFailure(BaseTest.java:723)
	at com.acams.ddf.testcases.SaveAsReferral.IntakePageTest(SaveAsReferral.java:99)
... Removed 29 stack frames]]>
    </failure>
  </testcase> <!-- IntakePageTest -->
</testsuite> <!-- SaveAsReferralTest -->
